<?xml version="1.0" encoding="UTF-8"?>
<!-- Generated by org.testng.reporters.JUnitReportReporter -->
<testsuite hostname="Saurabh" failures="0" tests="1" name="unit_testing.TC006_Verify_AmazonLogo" time="0.262" errors="0" timestamp="2024-10-01T14:24:12 IST" skipped="0">
  <testcase classname="unit_testing.TC006_Verify_AmazonLogo" name="verify_Amazon_Logo" time="0.262"/>
</testsuite> <!-- unit_testing.TC006_Verify_AmazonLogo -->
