<?xml version="1.0" encoding="UTF-8"?>
<!-- Generated by org.testng.reporters.JUnitReportReporter -->
<testsuite hostname="Saurabh" failures="0" tests="1" name="regression_Testing.TC001_VerifyProducttextAvailable" time="53.085" errors="0" timestamp="2024-10-01T14:24:12 IST" skipped="0">
  <testcase classname="regression_Testing.TC001_VerifyProducttextAvailable" name="VerifyProdutText" time="53.085"/>
</testsuite> <!-- regression_Testing.TC001_VerifyProducttextAvailable -->
