<?xml version="1.0" encoding="UTF-8"?>
<!-- Generated by org.testng.reporters.JUnitReportReporter -->
<testsuite hostname="Saurabh" failures="0" tests="1" name="testCases.TC002_MobilePage" time="53.606" errors="0" timestamp="2024-09-14T17:47:28 IST" skipped="0">
  <testcase classname="testCases.TC002_MobilePage" name="mobilePage" time="53.606"/>
</testsuite> <!-- testCases.TC002_MobilePage -->
