<?xml version="1.0" encoding="UTF-8"?>
<!-- Generated by org.testng.reporters.JUnitReportReporter -->
<testsuite hostname="Saurabh" failures="0" tests="1" name="unit_testing.TC002_MobilePage" time="65.501" errors="0" timestamp="2024-10-01T14:24:12 IST" skipped="0">
  <testcase classname="unit_testing.TC002_MobilePage" name="mobilePage" time="65.501"/>
</testsuite> <!-- unit_testing.TC002_MobilePage -->
