<?xml version="1.0" encoding="UTF-8"?>
<!-- Generated by org.testng.reporters.JUnitReportReporter -->
<testsuite hostname="Saurabh" failures="0" tests="1" name="testCases.TC001_AccountRegistrationTest" time="46.554" errors="0" timestamp="2024-09-13T23:52:53 IST" skipped="0">
  <testcase classname="testCases.TC001_AccountRegistrationTest" name="verify_Account_Registration" time="46.554"/>
</testsuite> <!-- testCases.TC001_AccountRegistrationTest -->
