<?xml version="1.0" encoding="UTF-8"?>
<!-- Generated by org.testng.reporters.JUnitReportReporter -->
<testsuite hostname="Saurabh" failures="0" tests="1" name="testCases.TC003_SearchProduct" time="33.105" errors="0" timestamp="2024-09-14T17:47:28 IST" skipped="0">
  <testcase classname="testCases.TC003_SearchProduct" name="mobilePage" time="33.105"/>
</testsuite> <!-- testCases.TC003_SearchProduct -->
