<?xml version="1.0" encoding="UTF-8"?>
<!-- Generated by org.testng.reporters.JUnitReportReporter -->
<testsuite hostname="Saurabh" failures="0" tests="1" name="regression_Testing.TC002_Verify_All_Menu" time="24.313" errors="0" timestamp="2024-10-01T14:24:12 IST" skipped="0">
  <testcase classname="regression_Testing.TC002_Verify_All_Menu" name="HomePageMenu" time="24.313"/>
</testsuite> <!-- regression_Testing.TC002_Verify_All_Menu -->
