<?xml version="1.0" encoding="UTF-8"?>
<!-- Generated by org.testng.reporters.JUnitReportReporter -->
<testsuite hostname="Saurabh" failures="0" tests="1" name="testCases.TC002_MobilePage" time="33.382" errors="0" timestamp="2024-09-14T00:23:03 IST" skipped="0">
  <testcase classname="testCases.TC002_MobilePage" name="mobilePage" time="33.382"/>
</testsuite> <!-- testCases.TC002_MobilePage -->
