<?xml version="1.0" encoding="UTF-8"?>
<!-- Generated by org.testng.reporters.JUnitReportReporter -->
<testsuite hostname="Saurabh" failures="0" tests="1" name="testCases.TC002_MobilePage" time="45.774" errors="0" timestamp="2024-09-13T23:52:53 IST" skipped="0">
  <testcase classname="testCases.TC002_MobilePage" name="mobilePage" time="45.774"/>
</testsuite> <!-- testCases.TC002_MobilePage -->
