<?xml version="1.0" encoding="UTF-8"?>
<!-- Generated by org.testng.reporters.JUnitReportReporter -->
<testsuite hostname="Saurabh" failures="0" tests="1" name="unit_testing.TC006_Verify_AmazonLogo" time="1.104" errors="0" timestamp="2024-09-29T23:54:03 IST" skipped="0">
  <testcase classname="unit_testing.TC006_Verify_AmazonLogo" name="verify_Amazon_Logo" time="1.104"/>
</testsuite> <!-- unit_testing.TC006_Verify_AmazonLogo -->
